
church / church -> 110 images
dioscuri / dioscuri -> 70 images
lizard / lizard -> 110 images
multi-temporal-temple-baalshamin / multi-temporal-temple-baalshamin -> 66 images
pond / pond -> 110 images
transp_obj_glass_cup / transp_obj_glass_cup -> 36 images
transp_obj_glass_cylinder / transp_obj_glass_cylinder -> 36 images


***** transp_obj_glass_cup *****
Reconstruction:
	num_reg_images = 9
	num_cameras = 9
	num_points3D = 681
	num_observations = 1650
	mean_track_length = 2.42291
	mean_observations_per_image = 183.333
	mean_reprojection_error = 1.36586
Reconstruction:
	num_reg_images = 5
	num_cameras = 5
	num_points3D = 0
	num_observations = 0
	mean_track_length = 0
	mean_observations_per_image = 0
	mean_reprojection_error = 0

Registered: transp_obj_glass_cup / transp_obj_glass_cup -> 9 / 36


***** transp_obj_glass_cylinder *****
Reconstruction:
	num_reg_images = 3
	num_cameras = 3
	num_points3D = 204
	num_observations = 461
	mean_track_length = 2.2598
	mean_observations_per_image = 153.667
	mean_reprojection_error = 1.4847

Registered: transp_obj_glass_cylinder / transp_obj_glass_cylinder -> 3 / 36


***** multi-temporal-temple-baalshamin *****
Reconstruction:
	num_reg_images = 65
	num_cameras = 65
	num_points3D = 20610
	num_observations = 124107
	mean_track_length = 6.02169
	mean_observations_per_image = 1909.34
	mean_reprojection_error = 1.2543

Registered: multi-temporal-temple-baalshamin / multi-temporal-temple-baalshamin -> 65 / 66


***** dioscuri *****
Reconstruction:
	num_reg_images = 39
	num_cameras = 39
	num_points3D = 11228
	num_observations = 40178
	mean_track_length = 3.57838
	mean_observations_per_image = 1030.21
	mean_reprojection_error = 0.889945
Reconstruction:
	num_reg_images = 19
	num_cameras = 19
	num_points3D = 6429
	num_observations = 21330
	mean_track_length = 3.31778
	mean_observations_per_image = 1122.63
	mean_reprojection_error = 0.635388

Registered: dioscuri / dioscuri -> 39 / 70


***** lizard *****
Reconstruction:
	num_reg_images = 102
	num_cameras = 102
	num_points3D = 36821
	num_observations = 154196
	mean_track_length = 4.18772
	mean_observations_per_image = 1511.73
	mean_reprojection_error = 0.998829
Reconstruction:
	num_reg_images = 4
	num_cameras = 4
	num_points3D = 1422
	num_observations = 3444
	mean_track_length = 2.42194
	mean_observations_per_image = 861
	mean_reprojection_error = 0.633164

Registered: lizard / lizard -> 102 / 110


***** pond *****
Reconstruction:
	num_reg_images = 3
	num_cameras = 3
	num_points3D = 3
	num_observations = 10
	mean_track_length = 3.33333
	mean_observations_per_image = 3.33333
	mean_reprojection_error = 0.212107
Reconstruction:
	num_reg_images = 80
	num_cameras = 80
	num_points3D = 23728
	num_observations = 93703
	mean_track_length = 3.94905
	mean_observations_per_image = 1171.29
	mean_reprojection_error = 0.930654

Registered: pond / pond -> 80 / 110


***** church *****
Reconstruction:
	num_reg_images = 108
	num_cameras = 108
	num_points3D = 30064
	num_observations = 230796
	mean_track_length = 7.67682
	mean_observations_per_image = 2137
	mean_reprojection_error = 1.01104

Registered: church / church -> 108 / 110


[church                           ] mAA:  28.5047%
[dioscuri                         ] mAA:  17.9104%
[lizard                           ] mAA:  78.3489%
[multi-temporal-temple-baalshamin ] mAA:  22.4868%
[pond                             ] mAA:  55.4517%
[transp_obj_glass_cup             ] mAA:   1.5152%
[transp_obj_glass_cylinder        ] mAA:   1.0101%

[ Global mAA                      ] mAA:  29.3183%

Elapsed time: 1669.19 seconds
