
church / church -> 110 images
dioscuri / dioscuri -> 70 images
lizard / lizard -> 110 images
multi-temporal-temple-baalshamin / multi-temporal-temple-baalshamin -> 66 images
pond / pond -> 110 images
transp_obj_glass_cup / transp_obj_glass_cup -> 36 images
transp_obj_glass_cylinder / transp_obj_glass_cylinder -> 36 images


***** transp_obj_glass_cup *****
Reconstruction:
	num_reg_images = 36
	num_cameras = 36
	num_points3D = 38269
	num_observations = 167505
	mean_track_length = 4.37704
	mean_observations_per_image = 4652.92
	mean_reprojection_error = 1.60293

Registered: transp_obj_glass_cup / transp_obj_glass_cup -> 36 / 36


***** transp_obj_glass_cylinder *****
Reconstruction:
	num_reg_images = 36
	num_cameras = 36
	num_points3D = 17813
	num_observations = 83163
	mean_track_length = 4.66867
	mean_observations_per_image = 2310.08
	mean_reprojection_error = 1.58206

Registered: transp_obj_glass_cylinder / transp_obj_glass_cylinder -> 36 / 36


***** multi-temporal-temple-baalshamin *****
Reconstruction:
	num_reg_images = 64
	num_cameras = 64
	num_points3D = 206352
	num_observations = 794826
	mean_track_length = 3.8518
	mean_observations_per_image = 12419.2
	mean_reprojection_error = 1.04479

Registered: multi-temporal-temple-baalshamin / multi-temporal-temple-baalshamin -> 64 / 66


***** dioscuri *****
Reconstruction:
	num_reg_images = 53
	num_cameras = 53
	num_points3D = 26051
	num_observations = 78072
	mean_track_length = 2.99689
	mean_observations_per_image = 1473.06
	mean_reprojection_error = 0.772293
Reconstruction:
	num_reg_images = 29
	num_cameras = 29
	num_points3D = 13577
	num_observations = 37360
	mean_track_length = 2.75171
	mean_observations_per_image = 1288.28
	mean_reprojection_error = 0.808971

Registered: dioscuri / dioscuri -> 53 / 70


***** lizard *****
Reconstruction:
	num_reg_images = 99
	num_cameras = 99
	num_points3D = 104952
	num_observations = 375744
	mean_track_length = 3.58015
	mean_observations_per_image = 3795.39
	mean_reprojection_error = 0.776426
Reconstruction:
	num_reg_images = 4
	num_cameras = 4
	num_points3D = 3870
	num_observations = 8392
	mean_track_length = 2.16848
	mean_observations_per_image = 2098
	mean_reprojection_error = 0.509771

Registered: lizard / lizard -> 99 / 110


***** pond *****
Reconstruction:
	num_reg_images = 3
	num_cameras = 3
	num_points3D = 0
	num_observations = 0
	mean_track_length = 0
	mean_observations_per_image = 0
	mean_reprojection_error = 0
Reconstruction:
	num_reg_images = 80
	num_cameras = 80
	num_points3D = 43916
	num_observations = 154917
	mean_track_length = 3.52758
	mean_observations_per_image = 1936.46
	mean_reprojection_error = 0.810799

Registered: pond / pond -> 80 / 110


***** church *****
Reconstruction:
	num_reg_images = 110
	num_cameras = 110
	num_points3D = 306032
	num_observations = 1145140
	mean_track_length = 3.7419
	mean_observations_per_image = 10410.4
	mean_reprojection_error = 0.725144

Registered: church / church -> 110 / 110


[church                           ] mAA:  27.5701%
[dioscuri                         ] mAA:  20.1493%
[lizard                           ] mAA:  76.4798%
[multi-temporal-temple-baalshamin ] mAA:  24.6032%
[pond                             ] mAA:  56.3863%
[transp_obj_glass_cup             ] mAA:   1.5152%
[transp_obj_glass_cylinder        ] mAA:   7.0707%

[ Global mAA                      ] mAA:  30.5392%

Elapsed time: 8268.86 seconds
