
church / church -> 110 images
dioscuri / dioscuri -> 70 images
lizard / lizard -> 110 images
multi-temporal-temple-baalshamin / multi-temporal-temple-baalshamin -> 66 images
pond / pond -> 110 images
transp_obj_glass_cup / transp_obj_glass_cup -> 36 images
transp_obj_glass_cylinder / transp_obj_glass_cylinder -> 36 images


***** transp_obj_glass_cup *****
Reconstruction:
	num_reg_images = 1
	num_cameras = 1
	num_points3D = 0
	num_observations = 0
	mean_track_length = 0
	mean_observations_per_image = 0
	mean_reprojection_error = 0
Reconstruction:
	num_reg_images = 36
	num_cameras = 36
	num_points3D = 9268
	num_observations = 57638
	mean_track_length = 6.21903
	mean_observations_per_image = 1601.06
	mean_reprojection_error = 1.83066

Registered: transp_obj_glass_cup / transp_obj_glass_cup -> 36 / 36


***** transp_obj_glass_cylinder *****
Reconstruction:
	num_reg_images = 4
	num_cameras = 4
	num_points3D = 8
	num_observations = 17
	mean_track_length = 2.125
	mean_observations_per_image = 4.25
	mean_reprojection_error = 6.76121e-07
Reconstruction:
	num_reg_images = 14
	num_cameras = 14
	num_points3D = 2
	num_observations = 9
	mean_track_length = 4.5
	mean_observations_per_image = 0.642857
	mean_reprojection_error = 0.229104
Reconstruction:
	num_reg_images = 9
	num_cameras = 9
	num_points3D = 3
	num_observations = 6
	mean_track_length = 2
	mean_observations_per_image = 0.666667
	mean_reprojection_error = 4.72973e-07

Registered: transp_obj_glass_cylinder / transp_obj_glass_cylinder -> 14 / 36


***** multi-temporal-temple-baalshamin *****
Reconstruction:
	num_reg_images = 65
	num_cameras = 65
	num_points3D = 20550
	num_observations = 124137
	mean_track_length = 6.04073
	mean_observations_per_image = 1909.8
	mean_reprojection_error = 1.24382

Registered: multi-temporal-temple-baalshamin / multi-temporal-temple-baalshamin -> 65 / 66


***** dioscuri *****
Reconstruction:
	num_reg_images = 44
	num_cameras = 44
	num_points3D = 14213
	num_observations = 47938
	mean_track_length = 3.37283
	mean_observations_per_image = 1089.5
	mean_reprojection_error = 0.786709
Reconstruction:
	num_reg_images = 10
	num_cameras = 10
	num_points3D = 4032
	num_observations = 12879
	mean_track_length = 3.1942
	mean_observations_per_image = 1287.9
	mean_reprojection_error = 1.07548
Reconstruction:
	num_reg_images = 19
	num_cameras = 19
	num_points3D = 6216
	num_observations = 20801
	mean_track_length = 3.34636
	mean_observations_per_image = 1094.79
	mean_reprojection_error = 0.631813

Registered: dioscuri / dioscuri -> 44 / 70


***** lizard *****
Reconstruction:
	num_reg_images = 100
	num_cameras = 100
	num_points3D = 37295
	num_observations = 155151
	mean_track_length = 4.1601
	mean_observations_per_image = 1551.51
	mean_reprojection_error = 0.990359
Reconstruction:
	num_reg_images = 23
	num_cameras = 23
	num_points3D = 11651
	num_observations = 46648
	mean_track_length = 4.00378
	mean_observations_per_image = 2028.17
	mean_reprojection_error = 0.848631
Reconstruction:
	num_reg_images = 5
	num_cameras = 5
	num_points3D = 370
	num_observations = 937
	mean_track_length = 2.53243
	mean_observations_per_image = 187.4
	mean_reprojection_error = 0.915925

Registered: lizard / lizard -> 100 / 110


***** pond *****
Reconstruction:
	num_reg_images = 80
	num_cameras = 80
	num_points3D = 22839
	num_observations = 90290
	mean_track_length = 3.95333
	mean_observations_per_image = 1128.62
	mean_reprojection_error = 0.95172

Registered: pond / pond -> 80 / 110


***** church *****
Reconstruction:
	num_reg_images = 107
	num_cameras = 107
	num_points3D = 30652
	num_observations = 233514
	mean_track_length = 7.61823
	mean_observations_per_image = 2182.37
	mean_reprojection_error = 1.01078

Registered: church / church -> 107 / 110


[church                           ] mAA:  28.8162%
[dioscuri                         ] mAA:  17.9104%
[lizard                           ] mAA:  75.2336%
[multi-temporal-temple-baalshamin ] mAA:  23.5450%
[pond                             ] mAA:  56.5421%
[transp_obj_glass_cup             ] mAA:   1.5152%
[transp_obj_glass_cylinder        ] mAA:   2.5253%

[ Global mAA                      ] mAA:  29.4411%

Elapsed time: 2135.24 seconds
